<?xml version="1.0" encoding="UTF-8"?>
<!-- Generated by org.testng.reporters.JUnitReportReporter -->
<testsuite skipped="0" hostname="LAPTOP-JEHHJRKI" name="PageFactory.registerPage.UeatClientPageTest" tests="1" failures="0" timestamp="16 Mar 2022 16:58:15 GMT" time="42.590" errors="0">
  <testcase name="addClientPage" time="42.590" classname="PageFactory.registerPage.UeatClientPageTest"/>
</testsuite> <!-- PageFactory.registerPage.UeatClientPageTest -->
