<?xml version="1.0" encoding="UTF-8"?>
<!-- Generated by org.testng.reporters.JUnitReportReporter -->
<testsuite skipped="0" hostname="LAPTOP-JEHHJRKI" name="PageFactory.registerPage.UeatLoginPage" tests="1" failures="0" timestamp="16 Mar 2022 16:58:15 GMT" time="14.043" errors="0">
  <testcase name="verifyLogInPage" time="14.043" classname="PageFactory.registerPage.UeatLoginPage"/>
</testsuite> <!-- PageFactory.registerPage.UeatLoginPage -->
